Android/ReaderBook_CoolReader/proguard_logs/seeds.txt
vn.seasoft.readerbook.GCMService.GCMIntentService
vn.seasoft.readerbook.GCMService.GCMIntentService: GCMIntentService()
vn.seasoft.readerbook.GCMService.GcmBroadcastReceiver
vn.seasoft.readerbook.GCMService.GcmBroadcastReceiver: GcmBroadcastReceiver()
vn.seasoft.readerbook.MainActivity
vn.seasoft.readerbook.MainActivity: MainActivity()
vn.seasoft.readerbook.R$anim: int anticipate_slide_footer_down
vn.seasoft.readerbook.R$anim: int anticipate_slide_header_up
vn.seasoft.readerbook.R$anim: int dialog_enter
vn.seasoft.readerbook.R$anim: int dialog_exit
vn.seasoft.readerbook.R$anim: int fade_in
vn.seasoft.readerbook.R$anim: int fade_out
vn.seasoft.readerbook.R$anim: int grow_fade_in
vn.seasoft.readerbook.R$anim: int grow_fade_in_center
vn.seasoft.readerbook.R$anim: int grow_fade_in_from_bottom
vn.seasoft.readerbook.R$anim: int overshoot_slide_footer_up
vn.seasoft.readerbook.R$anim: int overshoot_slide_header_down
vn.seasoft.readerbook.R$anim: int shrink_fade_out
vn.seasoft.readerbook.R$anim: int shrink_fade_out_center
vn.seasoft.readerbook.R$anim: int shrink_fade_out_from_bottom
vn.seasoft.readerbook.R$anim: int slide_down
vn.seasoft.readerbook.R$anim: int slide_in_bottom
vn.seasoft.readerbook.R$anim: int slide_in_top
vn.seasoft.readerbook.R$anim: int slide_out_bottom
vn.seasoft.readerbook.R$anim: int slide_out_top
vn.seasoft.readerbook.R$anim: int slide_up
vn.seasoft.readerbook.R$anim: int toast_enter
vn.seasoft.readerbook.R$anim: int toast_exit
vn.seasoft.readerbook.R$anim: int zoom_out
vn.seasoft.readerbook.R$attr: int actionBarDivider
vn.seasoft.readerbook.R$attr: int actionBarItemBackground
vn.seasoft.readerbook.R$attr: int actionBarSize
vn.seasoft.readerbook.R$attr: int actionBarSplitStyle
vn.seasoft.readerbook.R$attr: int actionBarStyle
vn.seasoft.readerbook.R$attr: int actionBarTabBarStyle
vn.seasoft.readerbook.R$attr: int actionBarTabStyle
vn.seasoft.readerbook.R$attr: int actionBarTabTextStyle
vn.seasoft.readerbook.R$attr: int actionBarWidgetTheme
vn.seasoft.readerbook.R$attr: int actionButtonStyle
vn.seasoft.readerbook.R$attr: int actionDropDownStyle
vn.seasoft.readerbook.R$attr: int actionMenuTextAppearance
vn.seasoft.readerbook.R$attr: int actionMenuTextColor
vn.seasoft.readerbook.R$attr: int actionModeBackground
vn.seasoft.readerbook.R$attr: int actionModeCloseButtonStyle
vn.seasoft.readerbook.R$attr: int actionModeCloseDrawable
vn.seasoft.readerbook.R$attr: int actionModeCopyDrawable
vn.seasoft.readerbook.R$attr: int actionModeCutDrawable
vn.seasoft.readerbook.R$attr: int actionModeFindDrawable
vn.seasoft.readerbook.R$attr: int actionModePasteDrawable
vn.seasoft.readerbook.R$attr: int actionModePopupWindowStyle
vn.seasoft.readerbook.R$attr: int actionModeSelectAllDrawable
vn.seasoft.readerbook.R$attr: int actionModeShareDrawable
vn.seasoft.readerbook.R$attr: int actionModeSplitBackground
vn.seasoft.readerbook.R$attr: int actionModeStyle
vn.seasoft.readerbook.R$attr: int actionModeWebSearchDrawable
vn.seasoft.readerbook.R$bool: int abc_action_bar_embed_tabs_pre_jb
vn.seasoft.readerbook.R$bool: int abc_action_bar_expanded_action_views_exclusive
vn.seasoft.readerbook.R$bool: int abc_config_actionMenuItemAllCaps
vn.seasoft.readerbook.R$bool: int abc_config_allowActionMenuItemTextWithIcon
vn.seasoft.readerbook.R$bool: int abc_config_showMenuShortcutsWhenKeyboardPresent
vn.seasoft.readerbook.R$bool: int abc_split_action_bar_is_narrow
vn.seasoft.readerbook.R$bool: int default_circle_indicator_centered
vn.seasoft.readerbook.R$bool: int default_circle_indicator_snap
vn.seasoft.readerbook.R$bool: int default_line_indicator_centered
vn.seasoft.readerbook.R$bool: int default_title_indicator_selected_bold
vn.seasoft.readerbook.R$bool: int default_underline_indicator_fades
vn.seasoft.readerbook.R$bool: int preferences_prefer_dual_pane
...
org.holoeverywhere.app.Dialog
org.holoeverywhere.app.Dialog: java.util.Map mContextMenuListeners
org.holoeverywhere.app.Dialog: org.holoeverywhere.widget.WindowDecorView mDecorView
org.holoeverywhere.app.Dialog: Dialog(android.content.Context)
org.holoeverywhere.app.Dialog: Dialog(android.content.Context,boolean,android.content.DialogInterface$OnCancelListener)
org.holoeverywhere.app.Dialog: Dialog(android.content.Context,int)
org.holoeverywhere.app.Dialog: Dialog(android.content.Context,int,int)
org.holoeverywhere.app.Dialog: int checkTheme(android.content.Context,int)
org.holoeverywhere.app.Dialog: void onContextMenuClosed(android.view.ContextMenu)
org.holoeverywhere.app.Dialog: void addContentView(android.view.View,android.view.ViewGroup$LayoutParams)
org.holoeverywhere.app.Dialog: android.support.v7.internal.view.menu.ContextMenuListener getContextMenuListener(android.view.View)
org.holoeverywhere.app.Dialog: org.holoeverywhere.LayoutInflater getLayoutInflater()
org.holoeverywhere.app.Dialog: void registerForContextMenu(android.view.View)
org.holoeverywhere.app.Dialog: void registerForContextMenu(android.view.View,android.support.v7.internal.view.menu.ContextMenuListener)
org.holoeverywhere.app.Dialog: boolean requestDecorView(android.view.View,android.view.ViewGroup$LayoutParams,int)
org.holoeverywhere.app.Dialog: void setCancelable(boolean)
org.holoeverywhere.app.Dialog: void setContentView(int)
org.holoeverywhere.app.Dialog$DialogTitle
org.holoeverywhere.app.Dialog$DialogTitle: Dialog$DialogTitle(android.content.Context)
org.holoeverywhere.app.Dialog$DialogTitle: Dialog$DialogTitle(android.content.Context,android.util.AttributeSet)
org.holoeverywhere.app.Dialog$DialogTitle: Dialog$DialogTitle(android.content.Context,android.util.AttributeSet,int)
org.holoeverywhere.app.Dialog$DialogTitle: void onMeasure(int,int)
org.holoeverywhere.app.DialogFragment
org.holoeverywhere.app.DialogFragment: int STYLE_NO_FRAME
org.holoeverywhere.app.DialogFragment: int STYLE_NO_INPUT
org.holoeverywhere.app.DialogFragment: int STYLE_NO_TITLE
org.holoeverywhere.app.DialogFragment: int STYLE_NORMAL
org.holoeverywhere.app.DialogFragment: java.lang.String SAVED_BACK_STACK_ID
org.holoeverywhere.app.DialogFragment: java.lang.String SAVED_CANCELABLE
org.holoeverywhere.app.DialogFragment: java.lang.String SAVED_DIALOG_STATE_TAG
org.holoeverywhere.app.DialogFragment: java.lang.String SAVED_SHOWS_DIALOG
org.holoeverywhere.app.DialogFragment: java.lang.String SAVED_STYLE
org.holoeverywhere.app.DialogFragment: java.lang.String SAVED_THEME
org.holoeverywhere.app.DialogFragment: int mBackStackId
org.holoeverywhere.app.DialogFragment: boolean mCancelable
org.holoeverywhere.app.DialogFragment: org.holoeverywhere.app.Dialog mDialog
org.holoeverywhere.app.DialogFragment: boolean mDismissed
org.holoeverywhere.app.DialogFragment: boolean mShownByMe
org.holoeverywhere.app.DialogFragment: boolean mShowsDialog
org.holoeverywhere.app.DialogFragment: int mStyle
org.holoeverywhere.app.DialogFragment: int mTheme
org.holoeverywhere.app.DialogFragment: boolean mViewDestroyed
org.holoeverywhere.app.DialogFragment: java.lang.CharSequence mTitle
org.holoeverywhere.app.DialogFragment: org.holoeverywhere.app.DialogFragment$DialogType type
org.holoeverywhere.app.DialogFragment: boolean mForceNotShow
org.holoeverywhere.app.DialogFragment$1
org.holoeverywhere.app.DialogFragment$1: int[] $SwitchMap$org$holoeverywhere$app$DialogFragment$DialogType
org.holoeverywhere.app.DialogFragment$1: void <clinit>()
org.holoeverywhere.app.DialogFragment$DialogTransaction
org.holoeverywhere.app.DialogFragment$DialogTransaction: java.lang.String dialogTag
org.holoeverywhere.app.DialogFragment$DialogTransaction: android.support.v4.app.FragmentManager fragmentManager
org.holoeverywhere.app.DialogFragment$DialogTransaction: int transactionId
org.holoeverywhere.app.DialogFragment$DialogTransaction: DialogFragment$DialogTransaction()